<?xml version="1.0" encoding="UTF-8"?>
<!-- Generated by org.testng.reporters.JUnitXMLReporter -->
<testsuite ignored="4" hostname="Vivek-Page" failures="0" tests="4" name="Test" time="0.04" errors="0" timestamp="16 Apr 2023 04:53:38 GMT">
  <testcase classname="Testcases.HomeLoanTestcase" name="test2" time="0.001"/>
  <testcase classname="Testcases.HomeLoanTestcase" name="test1" time="0.0"/>
  <testcase classname="Testcases.CarLoanTest" name="test3" time="0.001"/>
  <testcase classname="Testcases.CreditCardLoan" name="test4" time="0.001"/>
  <testcase classname="Testcases.BaseClass" name="@BeforeTest method3" time="0.0">
    <ignored/>
  </testcase> <!-- @BeforeTest method3 -->
  <testcase classname="Testcases.BaseClass" name="@BeforeTest method3" time="0.0">
    <ignored/>
  </testcase> <!-- @BeforeTest method3 -->
  <testcase classname="Testcases.BaseClass" name="@AfterTest method4" time="0.0">
    <ignored/>
  </testcase> <!-- @AfterTest method4 -->
  <testcase classname="Testcases.BaseClass" name="@AfterTest method4" time="0.0">
    <ignored/>
  </testcase> <!-- @AfterTest method4 -->
</testsuite> <!-- Test -->
