<?xml version="1.0" encoding="UTF-8"?>
<!-- Generated by org.testng.reporters.JUnitXMLReporter -->
<testsuite ignored="2" hostname="Vivek-Page" failures="0" tests="2" name="Test" time="0.1" errors="0" timestamp="16 Apr 2023 04:12:44 GMT">
  <testcase classname="Testcases.HomeLoanTestcase" name="test2" time="0.019"/>
  <testcase classname="Testcases.CreditCardLoan" name="test4" time="0.003"/>
  <testcase classname="Testcases.HomeLoanTestcase" name="test1" time="0.0">
    <ignored/>
  </testcase> <!-- test1 -->
  <testcase classname="Testcases.CarLoanTest" name="test3" time="0.0">
    <ignored/>
  </testcase> <!-- test3 -->
</testsuite> <!-- Test -->
