<?xml version="1.0" encoding="UTF-8"?>
<testng-results ignored="4" total="8" passed="4" failed="0" skipped="0">
  <reporter-output>
  </reporter-output>
  <suite started-at="2023-04-16T04:53:38Z" name="Regression suite" finished-at="2023-04-16T04:53:38Z" duration-ms="40">
    <groups>
      <group name="regression">
        <method signature="HomeLoanTestcase.test2()[pri:0, instance:Testcases.HomeLoanTestcase@4f80542f]" name="test2" class="Testcases.HomeLoanTestcase"/>
      </group> <!-- regression -->
      <group name="sanity">
        <method signature="CreditCardLoan.test4()[pri:0, instance:Testcases.CreditCardLoan@121314f7]" name="test4" class="Testcases.CreditCardLoan"/>
        <method signature="HomeLoanTestcase.test2()[pri:0, instance:Testcases.HomeLoanTestcase@4f80542f]" name="test2" class="Testcases.HomeLoanTestcase"/>
        <method signature="HomeLoanTestcase.test1()[pri:0, instance:Testcases.HomeLoanTestcase@4f80542f]" name="test1" class="Testcases.HomeLoanTestcase"/>
      </group> <!-- sanity -->
    </groups>
    <test started-at="2023-04-16T04:53:38Z" name="Test" finished-at="2023-04-16T04:53:38Z" duration-ms="40">
      <class name="Testcases.CreditCardLoan">
        <test-method signature="test4()[pri:0, instance:Testcases.CreditCardLoan@121314f7]" started-at="2023-04-16T04:53:38Z" name="test4" finished-at="2023-04-16T04:53:38Z" duration-ms="1" status="PASS">
          <reporter-output>
          </reporter-output>
        </test-method> <!-- test4 -->
        <test-method is-config="true" signature="method1()[pri:0, instance:Testcases.CreditCardLoan@121314f7]" started-at="2023-04-16T04:53:38Z" name="method1" finished-at="2023-04-16T04:53:38Z" duration-ms="0" status="PASS">
          <reporter-output>
          </reporter-output>
        </test-method> <!-- method1 -->
        <test-method is-config="true" signature="method2()[pri:0, instance:Testcases.CreditCardLoan@121314f7]" started-at="2023-04-16T04:53:38Z" name="method2" finished-at="2023-04-16T04:53:38Z" duration-ms="0" status="PASS">
          <reporter-output>
          </reporter-output>
        </test-method> <!-- method2 -->
      </class> <!-- Testcases.CreditCardLoan -->
      <class name="Testcases.CarLoanTest">
        <test-method is-config="true" signature="method1()[pri:0, instance:Testcases.CarLoanTest@60bd273d]" started-at="2023-04-16T04:53:38Z" name="method1" finished-at="2023-04-16T04:53:38Z" duration-ms="1" status="PASS">
          <reporter-output>
          </reporter-output>
        </test-method> <!-- method1 -->
        <test-method signature="test3()[pri:0, instance:Testcases.CarLoanTest@60bd273d]" started-at="2023-04-16T04:53:38Z" name="test3" finished-at="2023-04-16T04:53:38Z" duration-ms="1" status="PASS">
          <reporter-output>
          </reporter-output>
        </test-method> <!-- test3 -->
        <test-method is-config="true" signature="method2()[pri:0, instance:Testcases.CarLoanTest@60bd273d]" started-at="2023-04-16T04:53:38Z" name="method2" finished-at="2023-04-16T04:53:38Z" duration-ms="0" status="PASS">
          <reporter-output>
          </reporter-output>
        </test-method> <!-- method2 -->
      </class> <!-- Testcases.CarLoanTest -->
      <class name="Testcases.HomeLoanTestcase">
        <test-method is-config="true" signature="method3()[pri:0, instance:Testcases.HomeLoanTestcase@4f80542f]" started-at="2023-04-16T04:53:38Z" name="method3" finished-at="2023-04-16T04:53:38Z" duration-ms="12" status="PASS">
          <reporter-output>
          </reporter-output>
        </test-method> <!-- method3 -->
        <test-method is-config="true" signature="method1()[pri:0, instance:Testcases.HomeLoanTestcase@4f80542f]" started-at="2023-04-16T04:53:38Z" name="method1" finished-at="2023-04-16T04:53:38Z" duration-ms="0" status="PASS">
          <reporter-output>
          </reporter-output>
        </test-method> <!-- method1 -->
        <test-method signature="test2()[pri:0, instance:Testcases.HomeLoanTestcase@4f80542f]" started-at="2023-04-16T04:53:38Z" name="test2" finished-at="2023-04-16T04:53:38Z" duration-ms="1" status="PASS">
          <reporter-output>
          </reporter-output>
        </test-method> <!-- test2 -->
        <test-method is-config="true" signature="method2()[pri:0, instance:Testcases.HomeLoanTestcase@4f80542f]" started-at="2023-04-16T04:53:38Z" name="method2" finished-at="2023-04-16T04:53:38Z" duration-ms="0" status="PASS">
          <reporter-output>
          </reporter-output>
        </test-method> <!-- method2 -->
        <test-method is-config="true" signature="method1()[pri:0, instance:Testcases.HomeLoanTestcase@4f80542f]" started-at="2023-04-16T04:53:38Z" name="method1" finished-at="2023-04-16T04:53:38Z" duration-ms="1" status="PASS">
          <reporter-output>
          </reporter-output>
        </test-method> <!-- method1 -->
        <test-method is-config="true" signature="method2()[pri:0, instance:Testcases.HomeLoanTestcase@4f80542f]" started-at="2023-04-16T04:53:38Z" name="method2" finished-at="2023-04-16T04:53:38Z" duration-ms="1" status="PASS">
          <reporter-output>
          </reporter-output>
        </test-method> <!-- method2 -->
        <test-method signature="test1()[pri:0, instance:Testcases.HomeLoanTestcase@4f80542f]" started-at="2023-04-16T04:53:38Z" name="test1" finished-at="2023-04-16T04:53:38Z" depends-on-methods="Testcases.HomeLoanTestcase.test2" duration-ms="0" status="PASS">
          <reporter-output>
          </reporter-output>
        </test-method> <!-- test1 -->
        <test-method is-config="true" signature="method4()[pri:0, instance:Testcases.HomeLoanTestcase@4f80542f]" started-at="2023-04-16T04:53:38Z" name="method4" finished-at="2023-04-16T04:53:38Z" duration-ms="2" status="PASS">
          <reporter-output>
          </reporter-output>
        </test-method> <!-- method4 -->
      </class> <!-- Testcases.HomeLoanTestcase -->
    </test> <!-- Test -->
  </suite> <!-- Regression suite -->
</testng-results>
