<?xml version="1.0" encoding="UTF-8"?>
<testsuite xmlns:xsi="http://www.w3.org/2001/XMLSchema-instance" xsi:noNamespaceSchemaLocation="https://maven.apache.org/surefire/maven-surefire-plugin/xsd/surefire-test-report-3.0.xsd" version="3.0" name="TestSuite" time="1.24" tests="4" errors="0" skipped="0" failures="0">
  <properties>
[...]
</properties>
  <testcase name="test2" classname="Testcases.HomeLoanTestcase" time="0.004">
    <system-out><![CDATA[[TestNGContentHandler] [WARN] It is strongly recommended to add "<!DOCTYPE suite SYSTEM "http://testng.org/testng-1.0.dtd" >" at the top of your file, otherwise TestNG may fail or not work as expected.
Before executing all test cases
Inside Before method
Inside home loan test 2
]]></system-out>
  </testcase>
  <testcase name="test1" classname="Testcases.HomeLoanTestcase" time="0.002">
    <system-out><![CDATA[Inside after method
Inside Before method
Inisde home loan test 1
]]></system-out>
  </testcase>
  <testcase name="test3" classname="Testcases.CarLoanTest" time="0.001">
    <system-out><![CDATA[Inside after method
Inside Before method
Inside Car loan Test 3
]]></system-out>
  </testcase>
  <testcase name="test4" classname="Testcases.CreditCardLoan" time="0.004">
    <system-out><![CDATA[Inside after method
Inside Before method
Inside credit card loan test 4
]]></system-out>
  </testcase>
</testsuite>