<?xml version="1.0" encoding="UTF-8"?>
<!-- Generated by org.testng.reporters.JUnitXMLReporter -->
<testsuite ignored="5" hostname="Vivek-Page" failures="0" tests="3" name="Test" time="0.146" errors="0" timestamp="16 Apr 2023 04:34:06 GMT">
  <testcase classname="Testcases.CreditCardLoan" name="test4" time="0.015"/>
  <testcase classname="Testcases.HomeLoanTestcase" name="test2" time="0.005"/>
  <testcase classname="Testcases.HomeLoanTestcase" name="test1" time="0.01"/>
  <testcase classname="Testcases.CarLoanTest" name="test3" time="0.0">
    <ignored/>
  </testcase> <!-- test3 -->
  <testcase classname="Testcases.BaseClass" name="@BeforeTest method3" time="0.0">
    <ignored/>
  </testcase> <!-- @BeforeTest method3 -->
  <testcase classname="Testcases.BaseClass" name="@BeforeTest method3" time="0.0">
    <ignored/>
  </testcase> <!-- @BeforeTest method3 -->
  <testcase classname="Testcases.BaseClass" name="@AfterTest method4" time="0.0">
    <ignored/>
  </testcase> <!-- @AfterTest method4 -->
  <testcase classname="Testcases.BaseClass" name="@AfterTest method4" time="0.0">
    <ignored/>
  </testcase> <!-- @AfterTest method4 -->
</testsuite> <!-- Test -->
