<?xml version="1.0" encoding="UTF-8"?>
<testng-results ignored="5" total="8" passed="3" failed="0" skipped="0">
  <reporter-output>
  </reporter-output>
  <suite started-at="2023-04-16T04:34:06Z" name="Sanity" finished-at="2023-04-16T04:34:06Z" duration-ms="146">
    <groups>
      <group name="regression">
        <method signature="HomeLoanTestcase.test2()[pri:0, instance:Testcases.HomeLoanTestcase@6057aebb]" name="test2" class="Testcases.HomeLoanTestcase"/>
      </group> <!-- regression -->
      <group name="sanity">
        <method signature="HomeLoanTestcase.test2()[pri:0, instance:Testcases.HomeLoanTestcase@6057aebb]" name="test2" class="Testcases.HomeLoanTestcase"/>
        <method signature="HomeLoanTestcase.test1()[pri:0, instance:Testcases.HomeLoanTestcase@6057aebb]" name="test1" class="Testcases.HomeLoanTestcase"/>
        <method signature="CreditCardLoan.test4()[pri:0, instance:Testcases.CreditCardLoan@3370f42]" name="test4" class="Testcases.CreditCardLoan"/>
      </group> <!-- sanity -->
    </groups>
    <test started-at="2023-04-16T04:34:06Z" name="Test" finished-at="2023-04-16T04:34:06Z" duration-ms="146">
      <class name="Testcases.CreditCardLoan">
        <test-method is-config="true" signature="method3()[pri:0, instance:Testcases.CreditCardLoan@3370f42]" started-at="2023-04-16T04:34:06Z" name="method3" finished-at="2023-04-16T04:34:06Z" duration-ms="34" status="PASS">
          <reporter-output>
          </reporter-output>
        </test-method> <!-- method3 -->
        <test-method signature="test4()[pri:0, instance:Testcases.CreditCardLoan@3370f42]" started-at="2023-04-16T04:34:06Z" name="test4" finished-at="2023-04-16T04:34:06Z" duration-ms="15" status="PASS">
          <reporter-output>
          </reporter-output>
        </test-method> <!-- test4 -->
        <test-method is-config="true" signature="method4()[pri:0, instance:Testcases.CreditCardLoan@3370f42]" started-at="2023-04-16T04:34:06Z" name="method4" finished-at="2023-04-16T04:34:06Z" duration-ms="1" status="PASS">
          <reporter-output>
          </reporter-output>
        </test-method> <!-- method4 -->
      </class> <!-- Testcases.CreditCardLoan -->
      <class name="Testcases.HomeLoanTestcase">
        <test-method signature="test2()[pri:0, instance:Testcases.HomeLoanTestcase@6057aebb]" started-at="2023-04-16T04:34:06Z" name="test2" finished-at="2023-04-16T04:34:06Z" duration-ms="5" status="PASS">
          <reporter-output>
          </reporter-output>
        </test-method> <!-- test2 -->
        <test-method signature="test1()[pri:0, instance:Testcases.HomeLoanTestcase@6057aebb]" started-at="2023-04-16T04:34:06Z" name="test1" finished-at="2023-04-16T04:34:06Z" depends-on-methods="Testcases.HomeLoanTestcase.test2" duration-ms="10" status="PASS">
          <reporter-output>
          </reporter-output>
        </test-method> <!-- test1 -->
      </class> <!-- Testcases.HomeLoanTestcase -->
    </test> <!-- Test -->
  </suite> <!-- Sanity -->
</testng-results>
